<?xml version="1.0" encoding="UTF-8"?>
<!-- Generated by org.testng.reporters.JUnitReportReporter -->
<testsuite hostname="LAPTOP-F9IPE8TK" failures="0" tests="1" name="com.testdemo.TestDemoProject.TestClassDemo" time="3.417" errors="0" timestamp="2024-12-08T13:56:14 IST" skipped="0">
  <testcase classname="com.testdemo.TestDemoProject.TestClassDemo" name="f" time="3.417"/>
  <system-out/>
</testsuite> <!-- com.testdemo.TestDemoProject.TestClassDemo -->
