<?xml version="1.0" encoding="UTF-8"?>
<!-- Generated by org.testng.reporters.JUnitReportReporter -->
<testsuite hostname="LAPTOP-F9IPE8TK" failures="0" tests="1" name="com.testdemo.TestDemoProject.com.testdemo.TestDemoProject.TestClassDemo" time="3.565" errors="0" timestamp="2024-12-07T14:20:10 IST" skipped="0">
  <testcase classname="com.testdemo.TestDemoProject.com.testdemo.TestDemoProject.TestClassDemo" name="f" time="3.565"/>
  <system-out/>
</testsuite> <!-- com.testdemo.TestDemoProject.com.testdemo.TestDemoProject.TestClassDemo -->
